-------------------------------------------------------------------------------
Test set: com.cpe.irc5.asi2.grp1.card_manager.CardManagerApplicationTests
-------------------------------------------------------------------------------
Tests run: 1, Failures: 0, Errors: 1, Skipped: 0, Time elapsed: 43.039 s <<< FAILURE! - in com.cpe.irc5.asi2.grp1.card_manager.CardManagerApplicationTests
contextLoads  Time elapsed: 0.701 s  <<< ERROR!
java.lang.IllegalStateException: Failed to load ApplicationContext
Caused by: org.springframework.beans.factory.UnsatisfiedDependencyException: Error creating bean with name 'activeMqBus': Unsatisfied dependency expressed through field 'CardService'; nested exception is org.springframework.beans.factory.UnsatisfiedDependencyException: Error creating bean with name 'cardModelService': Unsatisfied dependency expressed through field 'cardRefService'; nested exception is org.springframework.beans.factory.UnsatisfiedDependencyException: Error creating bean with name 'cardReferenceService' defined in file [C:\Users\Guth MOELLE\Documents\CPE Lyon\Annee 5\Semestre 9\ASI-2\Atelier_I\ASI-II-Groupe1\springboot\card_manager\target\classes\com\cpe\irc5\asi2\grp1\card_manager\service\CardReferenceService.class]: Unsatisfied dependency expressed through constructor parameter 0; nested exception is org.springframework.beans.factory.BeanCreationException: Error creating bean with name 'cardRefRepository' defined in com.cpe.irc5.asi2.grp1.card_manager.repository.CardRefRepository defined in @EnableJpaRepositories declared on JpaRepositoriesRegistrar.EnableJpaRepositoriesConfiguration: Invocation of init method failed; nested exception is java.lang.IllegalArgumentException: Not a managed type: class com.cpe.irc5.asi2.grp1.card_manager.model.CardReference
Caused by: org.springframework.beans.factory.UnsatisfiedDependencyException: Error creating bean with name 'cardModelService': Unsatisfied dependency expressed through field 'cardRefService'; nested exception is org.springframework.beans.factory.UnsatisfiedDependencyException: Error creating bean with name 'cardReferenceService' defined in file [C:\Users\Guth MOELLE\Documents\CPE Lyon\Annee 5\Semestre 9\ASI-2\Atelier_I\ASI-II-Groupe1\springboot\card_manager\target\classes\com\cpe\irc5\asi2\grp1\card_manager\service\CardReferenceService.class]: Unsatisfied dependency expressed through constructor parameter 0; nested exception is org.springframework.beans.factory.BeanCreationException: Error creating bean with name 'cardRefRepository' defined in com.cpe.irc5.asi2.grp1.card_manager.repository.CardRefRepository defined in @EnableJpaRepositories declared on JpaRepositoriesRegistrar.EnableJpaRepositoriesConfiguration: Invocation of init method failed; nested exception is java.lang.IllegalArgumentException: Not a managed type: class com.cpe.irc5.asi2.grp1.card_manager.model.CardReference
Caused by: org.springframework.beans.factory.UnsatisfiedDependencyException: Error creating bean with name 'cardReferenceService' defined in file [C:\Users\Guth MOELLE\Documents\CPE Lyon\Annee 5\Semestre 9\ASI-2\Atelier_I\ASI-II-Groupe1\springboot\card_manager\target\classes\com\cpe\irc5\asi2\grp1\card_manager\service\CardReferenceService.class]: Unsatisfied dependency expressed through constructor parameter 0; nested exception is org.springframework.beans.factory.BeanCreationException: Error creating bean with name 'cardRefRepository' defined in com.cpe.irc5.asi2.grp1.card_manager.repository.CardRefRepository defined in @EnableJpaRepositories declared on JpaRepositoriesRegistrar.EnableJpaRepositoriesConfiguration: Invocation of init method failed; nested exception is java.lang.IllegalArgumentException: Not a managed type: class com.cpe.irc5.asi2.grp1.card_manager.model.CardReference
Caused by: org.springframework.beans.factory.BeanCreationException: Error creating bean with name 'cardRefRepository' defined in com.cpe.irc5.asi2.grp1.card_manager.repository.CardRefRepository defined in @EnableJpaRepositories declared on JpaRepositoriesRegistrar.EnableJpaRepositoriesConfiguration: Invocation of init method failed; nested exception is java.lang.IllegalArgumentException: Not a managed type: class com.cpe.irc5.asi2.grp1.card_manager.model.CardReference
Caused by: java.lang.IllegalArgumentException: Not a managed type: class com.cpe.irc5.asi2.grp1.card_manager.model.CardReference

