# JRE version: Java(TM) SE Runtime Environment (19.0.1+10) (build 19.0.1+10-21)
# Java VM: Java HotSpot(TM) 64-Bit Server VM (19.0.1+10-21, mixed mode, sharing, tiered, compressed oops, compressed class ptrs, g1 gc, windows-amd64)
GC Precious Log:
 CardTable entry size: 512
 Card Set container configuration: InlinePtr #cards 5 size 8 Array Of Cards #cards 12 size 40 Howl #buckets 4 coarsen threshold 1843 Howl Bitmap #cards 512 size 80 coarsen threshold 460 Card regions per heap region 1 cards per card region 2048
 CPUs: 8 total, 8 available
 Memory: 7965M
 Large Page Support: Disabled
 NUMA Support: Disabled
 Compressed Oops: Enabled (32-bit)
 Heap Region Size: 1M
 Heap Min Capacity: 8M
 Heap Initial Capacity: 126M
 Heap Max Capacity: 1992M
 Pre-touch: Disabled
 Parallel Workers: 8
 Concurrent Workers: 2
 Concurrent Refinement Workers: 8
 Periodic GC: Disabled
Heap:
 garbage-first heap   total 260096K, used 58749K [0x0000000083800000, 0x0000000100000000)
  region size 1024K, 16 young (16384K), 9 survivors (9216K)
 Metaspace       used 36754K, committed 37248K, reserved 1114112K
  class space    used 4109K, committed 4352K, reserved 1048576K
GC Heap History (20 events):
Event: 2.310 GC heap before
{Heap before GC invocations=0 (full 0):
 garbage-first heap   total 129024K, used 22528K [0x0000000083800000, 0x0000000100000000)
  region size 1024K, 23 young (23552K), 0 survivors (0K)
 Metaspace       used 6294K, committed 6464K, reserved 1114112K
  class space    used 691K, committed 768K, reserved 1048576K
}
Event: 2.323 GC heap after
{Heap after GC invocations=1 (full 0):
 garbage-first heap   total 129024K, used 4352K [0x0000000083800000, 0x0000000100000000)
  region size 1024K, 3 young (3072K), 3 survivors (3072K)
 Metaspace       used 6294K, committed 6464K, reserved 1114112K
  class space    used 691K, committed 768K, reserved 1048576K
}
Event: 4.138 GC heap before
{Heap before GC invocations=1 (full 0):
 garbage-first heap   total 129024K, used 34048K [0x0000000083800000, 0x0000000100000000)
  region size 1024K, 32 young (32768K), 3 survivors (3072K)
 Metaspace       used 9989K, committed 10240K, reserved 1114112K
  class space    used 1140K, committed 1280K, reserved 1048576K
}
Event: 4.165 GC heap after
{Heap after GC invocations=2 (full 0):
 garbage-first heap   total 129024K, used 5942K [0x0000000083800000, 0x0000000100000000)
  region size 1024K, 2 young (2048K), 2 survivors (2048K)
 Metaspace       used 9989K, committed 10240K, reserved 1114112K
  class space    used 1140K, committed 1280K, reserved 1048576K
}
Event: 8.720 GC heap before
{Heap before GC invocations=2 (full 0):
 garbage-first heap   total 129024K, used 80694K [0x0000000083800000, 0x0000000100000000)
  region size 1024K, 75 young (76800K), 2 survivors (2048K)
 Metaspace       used 16627K, committed 16896K, reserved 1114112K
  class space    used 1860K, committed 1984K, reserved 1048576K
}
Event: 8.748 GC heap after
{Heap after GC invocations=3 (full 0):
 garbage-first heap   total 129024K, used 13472K [0x0000000083800000, 0x0000000100000000)
  region size 1024K, 9 young (9216K), 9 survivors (9216K)
 Metaspace       used 16627K, committed 16896K, reserved 1114112K
  class space    used 1860K, committed 1984K, reserved 1048576K
}
Event: 11.335 GC heap before
{Heap before GC invocations=3 (full 0):
 garbage-first heap   total 129024K, used 81056K [0x0000000083800000, 0x0000000100000000)
  region size 1024K, 75 young (76800K), 9 survivors (9216K)
 Metaspace       used 17282K, committed 17600K, reserved 1114112K
  class space    used 1873K, committed 1984K, reserved 1048576K
}
Event: 11.374 GC heap after
{Heap after GC invocations=4 (full 0):
 garbage-first heap   total 129024K, used 22055K [0x0000000083800000, 0x0000000100000000)
  region size 1024K, 9 young (9216K), 9 survivors (9216K)
 Metaspace       used 17282K, committed 17600K, reserved 1114112K
  class space    used 1873K, committed 1984K, reserved 1048576K
}
Event: 18.089 GC heap before
{Heap before GC invocations=4 (full 0):
 garbage-first heap   total 129024K, used 88615K [0x0000000083800000, 0x0000000100000000)
  region size 1024K, 73 young (74752K), 9 survivors (9216K)
 Metaspace       used 20941K, committed 21248K, reserved 1114112K
  class space    used 2240K, committed 2368K, reserved 1048576K
}
Event: 18.113 GC heap after
{Heap after GC invocations=5 (full 0):
 garbage-first heap   total 129024K, used 27590K [0x0000000083800000, 0x0000000100000000)
  region size 1024K, 6 young (6144K), 6 survivors (6144K)
 Metaspace       used 20941K, committed 21248K, reserved 1114112K
  class space    used 2240K, committed 2368K, reserved 1048576K
}
Event: 18.391 GC heap before
{Heap before GC invocations=5 (full 0):
 garbage-first heap   total 129024K, used 33734K [0x0000000083800000, 0x0000000100000000)
  region size 1024K, 12 young (12288K), 6 survivors (6144K)
 Metaspace       used 21225K, committed 21504K, reserved 1114112K
  class space    used 2271K, committed 2432K, reserved 1048576K
}
Event: 18.400 GC heap after
{Heap after GC invocations=6 (full 0):
 garbage-first heap   total 129024K, used 27648K [0x0000000083800000, 0x0000000100000000)
  region size 1024K, 1 young (1024K), 1 survivors (1024K)
 Metaspace       used 21225K, committed 21504K, reserved 1114112K
  class space    used 2271K, committed 2432K, reserved 1048576K
}
Event: 20.813 GC heap before
{Heap before GC invocations=7 (full 0):
 garbage-first heap   total 96256K, used 84992K [0x0000000083800000, 0x0000000100000000)
  region size 1024K, 56 young (57344K), 1 survivors (1024K)
 Metaspace       used 27203K, committed 27520K, reserved 1114112K
  class space    used 2954K, committed 3072K, reserved 1048576K
}
Event: 20.848 GC heap after
{Heap after GC invocations=8 (full 0):
 garbage-first heap   total 100352K, used 42973K [0x0000000083800000, 0x0000000100000000)
  region size 1024K, 7 young (7168K), 7 survivors (7168K)
 Metaspace       used 27203K, committed 27520K, reserved 1114112K
  class space    used 2954K, committed 3072K, reserved 1048576K
}
Event: 20.851 GC heap before
{Heap before GC invocations=8 (full 0):
 garbage-first heap   total 100352K, used 43997K [0x0000000083800000, 0x0000000100000000)
  region size 1024K, 8 young (8192K), 7 survivors (7168K)
 Metaspace       used 27205K, committed 27520K, reserved 1114112K
  class space    used 2954K, committed 3072K, reserved 1048576K
}
Event: 20.866 GC heap after
{Heap after GC invocations=9 (full 0):
 garbage-first heap   total 100352K, used 43926K [0x0000000083800000, 0x0000000100000000)
  region size 1024K, 1 young (1024K), 1 survivors (1024K)
 Metaspace       used 27205K, committed 27520K, reserved 1114112K
  class space    used 2954K, committed 3072K, reserved 1048576K
}
Event: 22.371 GC heap before
{Heap before GC invocations=9 (full 0):
 garbage-first heap   total 100352K, used 75670K [0x0000000083800000, 0x0000000100000000)
  region size 1024K, 32 young (32768K), 1 survivors (1024K)
 Metaspace       used 28922K, committed 29248K, reserved 1114112K
  class space    used 3143K, committed 3264K, reserved 1048576K
}
Event: 22.386 GC heap after
{Heap after GC invocations=10 (full 0):
 garbage-first heap   total 260096K, used 47718K [0x0000000083800000, 0x0000000100000000)
  region size 1024K, 4 young (4096K), 4 survivors (4096K)
 Metaspace       used 28922K, committed 29248K, reserved 1114112K
  class space    used 3143K, committed 3264K, reserved 1048576K
}
Event: 25.836 GC heap before
{Heap before GC invocations=10 (full 0):
 garbage-first heap   total 260096K, used 168550K [0x0000000083800000, 0x0000000100000000)
  region size 1024K, 123 young (125952K), 4 survivors (4096K)
 Metaspace       used 35632K, committed 36096K, reserved 1114112K
  class space    used 3935K, committed 4160K, reserved 1048576K
}
Event: 25.849 GC heap after
{Heap after GC invocations=11 (full 0):
 garbage-first heap   total 260096K, used 52605K [0x0000000083800000, 0x0000000100000000)
  region size 1024K, 9 young (9216K), 9 survivors (9216K)
 Metaspace       used 35632K, committed 36096K, reserved 1114112K
  class space    used 3935K, committed 4160K, reserved 1048576K
}

